here() starts at /nemo/lab/gandhis/home/users/wagena/other_projects/cardiac_adipose_coloc
── Attaching packages ─────────────────────────────────────── tidyverse 1.3.2 ──
✔ ggplot2 3.4.2      ✔ purrr   0.3.5 
✔ tibble  3.1.8      ✔ dplyr   1.0.10
✔ tidyr   1.2.1      ✔ stringr 1.4.1 
✔ readr   2.1.2      ✔ forcats 0.5.2 
── Conflicts ────────────────────────────────────────── tidyverse_conflicts() ──
✖ dplyr::filter() masks stats::filter()
✖ dplyr::lag()    masks stats::lag()
This is a new update to coloc.

Attaching package: ‘data.table’

The following objects are masked from ‘package:dplyr’:

    between, first, last

The following object is masked from ‘package:purrr’:

    transpose

Loading required package: BiocGenerics

Attaching package: ‘BiocGenerics’

The following objects are masked from ‘package:dplyr’:

    combine, intersect, setdiff, union

The following objects are masked from ‘package:stats’:

    IQR, mad, sd, var, xtabs

The following objects are masked from ‘package:base’:

    anyDuplicated, append, as.data.frame, basename, cbind, colnames,
    dirname, do.call, duplicated, eval, evalq, Filter, Find, get, grep,
    grepl, intersect, is.unsorted, lapply, Map, mapply, match, mget,
    order, paste, pmax, pmax.int, pmin, pmin.int, Position, rank,
    rbind, Reduce, rownames, sapply, setdiff, sort, table, tapply,
    union, unique, unsplit, which.max, which.min

Loading required package: IRanges
Loading required package: S4Vectors
Loading required package: stats4

Attaching package: ‘S4Vectors’

The following objects are masked from ‘package:data.table’:

    first, second

The following objects are masked from ‘package:dplyr’:

    first, rename

The following object is masked from ‘package:tidyr’:

    expand

The following objects are masked from ‘package:base’:

    expand.grid, I, unname


Attaching package: ‘IRanges’

The following object is masked from ‘package:data.table’:

    shift

The following objects are masked from ‘package:dplyr’:

    collapse, desc, slice

The following object is masked from ‘package:purrr’:

    reduce

Loading required package: GenomicRanges
Loading required package: GenomeInfoDb

Attaching package: ‘plyranges’

The following object is masked from ‘package:IRanges’:

    slice

The following object is masked from ‘package:data.table’:

    between

The following objects are masked from ‘package:dplyr’:

    between, n, n_distinct

The following object is masked from ‘package:stats’:

    filter

As of tidytable v0.9.0 dotless versions of functions are exported.
You can now use `arrange()`/`mutate()`/etc. directly.
Warning: tidytable was loaded after dplyr.
This can lead to most dplyr functions being overwritten by tidytable functions.
Warning: tidytable was loaded after tidyr.
This can lead to most tidyr functions being overwritten by tidytable functions.

Attaching package: ‘tidytable’

The following objects are masked from ‘package:plyranges’:

    arrange, between, filter, group_by, group_vars, mutate, n,
    n_distinct, select, slice, summarise, summarize, ungroup

The following objects are masked from ‘package:IRanges’:

    desc, slice

The following objects are masked from ‘package:S4Vectors’:

    %in%, expand, first, rename

The following object is masked from ‘package:BiocGenerics’:

    %in%

The following objects are masked from ‘package:data.table’:

    between, first, fread, last

The following objects are masked from ‘package:dplyr’:

    across, add_count, add_tally, anti_join, arrange, between,
    bind_cols, bind_rows, c_across, case_when, coalesce, count,
    cume_dist, cur_column, cur_data, cur_group_id, cur_group_rows,
    dense_rank, desc, distinct, filter, first, full_join, group_by,
    group_split, group_vars, if_all, if_any, if_else, inner_join,
    is_grouped_df, lag, last, lead, left_join, min_rank, mutate, n,
    n_distinct, na_if, nest_by, nest_join, nth, percent_rank, pull,
    recode, relocate, rename, rename_with, right_join, row_number,
    rowwise, select, semi_join, slice, slice_head, slice_max,
    slice_min, slice_sample, slice_tail, summarise, summarize, tally,
    top_n, transmute, ungroup

The following objects are masked from ‘package:purrr’:

    map, map_chr, map_dbl, map_df, map_dfc, map_dfr, map_int, map_lgl,
    map2, map2_chr, map2_dbl, map2_df, map2_dfc, map2_dfr, map2_int,
    map2_lgl, pmap, pmap_chr, pmap_dbl, pmap_df, pmap_dfc, pmap_dfr,
    pmap_int, pmap_lgl, walk

The following objects are masked from ‘package:tidyr’:

    complete, crossing, drop_na, expand, expand_grid, extract, fill,
    nest, nesting, pivot_longer, pivot_wider, replace_na, separate,
    separate_rows, uncount, unite, unnest, unnest_longer, unnest_wider

The following object is masked from ‘package:tibble’:

    enframe

The following objects are masked from ‘package:stats’:

    dt, filter, lag

The following object is masked from ‘package:base’:

    %in%


Attaching package: ‘qdapTools’

The following objects are masked from ‘package:plyranges’:

    shift_left, shift_right

The following object is masked from ‘package:GenomicRanges’:

    shift

The following object is masked from ‘package:IRanges’:

    shift

The following object is masked from ‘package:data.table’:

    shift

The following object is masked from ‘package:dplyr’:

    id

Loading required package: Biostrings
Loading required package: XVector

Attaching package: ‘XVector’

The following object is masked from ‘package:purrr’:

    compact


Attaching package: ‘Biostrings’

The following object is masked from ‘package:base’:

    strsplit

Loading required package: rtracklayer
Loading required package: GenomicScores

Attaching package: ‘GenomicScores’

The following object is masked from ‘package:utils’:

    citation

WARNING: The positions associated with the genomic scores stored in the
MafDb.1Kgenomes.phase3.GRCh38 package were lifted by the data producer from the
GRCh37 release of the human genome, over to the GRCh38 release. This
means that these scores were not directly derived from the GRCh38 human
genome reference sequence.
here() starts at /nemo/lab/gandhis/home/users/wagena/other_projects/cardiac_adipose_coloc
Warning message:
In dir.create(args$output_path) :
  '/nemo/lab/gandhis/home/users/wagena/other_projects/cardiac_adipose_coloc/processed_data/coloc' already exists
[1] "Loading GWAS: 1"
Rows: 9273352 Columns: 14
── Column specification ────────────────────────────────────────────────────────
Delimiter: " "
chr (7): GWAS, CHR, Al1, Al2, rs_number, cc_or_quant, SNP
dbl (7): BP, maf, beta, se, p.value, n_total, varbeta

ℹ Use `spec()` to retrieve the full column specification for this data.
ℹ Specify the column types or set `show_col_types = FALSE` to quiet this message.
[1] "GWAS: pat_discovery"
[1] "Extracting genes of interest"
[1] "/nemo/lab/gandhis/home/users/wagena/other_projects/cardiac_adipose_coloc/processed_data/coloc/pat_discovery directory already exists.."
[1] "Load eqtl"
[1] 1
[1] "Tissue Name is:   Adipose_Subcutaneous"
[1] "Tissue Path is:   /nemo/lab/gandhis/home/users/wagena/other_projects/cardiac_adipose_coloc/raw_data/GTEx_Analysis_v8_QTLs-GTEx_Analysis_v8_eQTL_all_associations-Adipose_Subcutaneous.allpairs.txt"
[1] "Number of samples per tissue is: 581"
[1] "Total number of SNPs: 15911"
[1] "Number of multiallelic SNPs: 0"
[1] "Number of SNPs with beta == 0: 0"
[1] "Number of SNPs with multiple nucleotides (Indels): 0"
[1] "Number of SNPs with MAF = NA: 0"
[1] "Number of SNPs with MAF > 0.5: 0"
[1] "/nemo/lab/gandhis/home/users/wagena/other_projects/cardiac_adipose_coloc/processed_data/coloc/pat_discovery/Adipose_Subcutaneous directory already exists.."
[1] "/nemo/lab/gandhis/home/users/wagena/other_projects/cardiac_adipose_coloc/processed_data/coloc/pat_discovery/Adipose_Subcutaneous/liberal directory already exists.."
[1] "/nemo/lab/gandhis/home/users/wagena/other_projects/cardiac_adipose_coloc/processed_data/coloc/pat_discovery/Adipose_Subcutaneous/robust directory already exists.."
[1] "2023-07-21 17:26:50 - pat_discovery_gwas - Adipose_Subcutaneous_eqtl - TBX15"
[1] "Results for 'liberal' p12 prior;  p12 = 1e-05"
1297 SNPs out of 1297 had the correct alleles, discarding SNPs without the correct alleles
PP.H0.abf PP.H1.abf PP.H2.abf PP.H3.abf PP.H4.abf 
   0.6590    0.0292    0.2840    0.0126    0.0146 
[1] "PP abf for shared variant: 1.46%"
[1] "Results for 'robust' p12 prior;  p12 = 5e-06"
1297 SNPs out of 1297 had the correct alleles, discarding SNPs without the correct alleles
PP.H0.abf PP.H1.abf PP.H2.abf PP.H3.abf PP.H4.abf 
  0.66400   0.02940   0.28600   0.01270   0.00738 
[1] "PP abf for shared variant: 0.738%"
[1] "2023-07-21 17:26:52 - pat_discovery_gwas - Adipose_Subcutaneous_eqtl - RP4-712E4.1"
[1] "Results for 'liberal' p12 prior;  p12 = 1e-05"
1133 SNPs out of 1135 had the correct alleles, discarding SNPs without the correct alleles
PP.H0.abf PP.H1.abf PP.H2.abf PP.H3.abf PP.H4.abf 
 7.49e-31  1.09e-29  4.74e-03  6.78e-02  9.27e-01 
[1] "PP abf for shared variant: 92.7%"
[1] "Results for 'robust' p12 prior;  p12 = 5e-06"
1133 SNPs out of 1135 had the correct alleles, discarding SNPs without the correct alleles
PP.H0.abf PP.H1.abf PP.H2.abf PP.H3.abf PP.H4.abf 
 1.40e-30  2.03e-29  8.83e-03  1.26e-01  8.65e-01 
[1] "PP abf for shared variant: 86.5%"
[1] "2023-07-21 17:26:55 - pat_discovery_gwas - Adipose_Subcutaneous_eqtl - RP11-418J17.1"
[1] "Results for 'liberal' p12 prior;  p12 = 1e-05"
1227 SNPs out of 1228 had the correct alleles, discarding SNPs without the correct alleles
PP.H0.abf PP.H1.abf PP.H2.abf PP.H3.abf PP.H4.abf 
1.56e-142 1.11e-139  1.41e-03  9.99e-01  1.10e-05 
[1] "PP abf for shared variant: 0.0011%"
[1] "Results for 'robust' p12 prior;  p12 = 5e-06"
1227 SNPs out of 1228 had the correct alleles, discarding SNPs without the correct alleles
PP.H0.abf PP.H1.abf PP.H2.abf PP.H3.abf PP.H4.abf 
1.56e-142 1.11e-139  1.41e-03  9.99e-01  5.48e-06 
[1] "PP abf for shared variant: 0.000548%"
[1] "2023-07-21 17:26:57 - pat_discovery_gwas - Adipose_Subcutaneous_eqtl - WARS2"
[1] "Results for 'liberal' p12 prior;  p12 = 1e-05"
1845 SNPs out of 1846 had the correct alleles, discarding SNPs without the correct alleles
PP.H0.abf PP.H1.abf PP.H2.abf PP.H3.abf PP.H4.abf 
2.25e-134 1.21e-131  1.85e-03  9.93e-01  5.24e-03 
[1] "PP abf for shared variant: 0.524%"
[1] "Results for 'robust' p12 prior;  p12 = 5e-06"
1845 SNPs out of 1846 had the correct alleles, discarding SNPs without the correct alleles
PP.H0.abf PP.H1.abf PP.H2.abf PP.H3.abf PP.H4.abf 
2.25e-134 1.21e-131  1.86e-03  9.96e-01  2.62e-03 
[1] "PP abf for shared variant: 0.262%"
[1] "2023-07-21 17:26:58 - pat_discovery_gwas - Adipose_Subcutaneous_eqtl - EBF2"
[1] "Results for 'liberal' p12 prior;  p12 = 1e-05"
7556 SNPs out of 7559 had the correct alleles, discarding SNPs without the correct alleles
PP.H0.abf PP.H1.abf PP.H2.abf PP.H3.abf PP.H4.abf 
 9.33e-07  4.84e-01  9.62e-07  4.99e-01  1.78e-02 
[1] "PP abf for shared variant: 1.78%"
[1] "Results for 'robust' p12 prior;  p12 = 5e-06"
7556 SNPs out of 7559 had the correct alleles, discarding SNPs without the correct alleles
PP.H0.abf PP.H1.abf PP.H2.abf PP.H3.abf PP.H4.abf 
 9.41e-07  4.88e-01  9.70e-07  5.03e-01  8.98e-03 
[1] "PP abf for shared variant: 0.898%"
[1] "Load eqtl"
[1] 2
[1] "Tissue Name is:   Adipose_Visceral_Omentum"
[1] "Tissue Path is:   /nemo/lab/gandhis/home/users/wagena/other_projects/cardiac_adipose_coloc/raw_data/GTEx_Analysis_v8_QTLs-GTEx_Analysis_v8_eQTL_all_associations-Adipose_Visceral_Omentum.allpairs.txt"
[1] "Number of samples per tissue is: 469"
[1] "Total number of SNPs: 15911"
[1] "Number of multiallelic SNPs: 0"
[1] "Number of SNPs with beta == 0: 0"
[1] "Number of SNPs with multiple nucleotides (Indels): 0"
[1] "Number of SNPs with MAF = NA: 0"
[1] "Number of SNPs with MAF > 0.5: 0"
[1] "/nemo/lab/gandhis/home/users/wagena/other_projects/cardiac_adipose_coloc/processed_data/coloc/pat_discovery/Adipose_Visceral_Omentum directory already exists.."
[1] "/nemo/lab/gandhis/home/users/wagena/other_projects/cardiac_adipose_coloc/processed_data/coloc/pat_discovery/Adipose_Visceral_Omentum/liberal directory already exists.."
[1] "/nemo/lab/gandhis/home/users/wagena/other_projects/cardiac_adipose_coloc/processed_data/coloc/pat_discovery/Adipose_Visceral_Omentum/robust directory already exists.."
[1] "2023-07-21 17:29:06 - pat_discovery_gwas - Adipose_Visceral_Omentum_eqtl - TBX15"
[1] "Results for 'liberal' p12 prior;  p12 = 1e-05"
1458 SNPs out of 1458 had the correct alleles, discarding SNPs without the correct alleles
PP.H0.abf PP.H1.abf PP.H2.abf PP.H3.abf PP.H4.abf 
   0.6090    0.0680    0.2590    0.0289    0.0351 
[1] "PP abf for shared variant: 3.51%"
[1] "Results for 'robust' p12 prior;  p12 = 5e-06"
1458 SNPs out of 1458 had the correct alleles, discarding SNPs without the correct alleles
PP.H0.abf PP.H1.abf PP.H2.abf PP.H3.abf PP.H4.abf 
   0.6200    0.0692    0.2640    0.0294    0.0178 
[1] "PP abf for shared variant: 1.78%"
[1] "2023-07-21 17:29:08 - pat_discovery_gwas - Adipose_Visceral_Omentum_eqtl - WARS2"
[1] "Results for 'liberal' p12 prior;  p12 = 1e-05"
1812 SNPs out of 1812 had the correct alleles, discarding SNPs without the correct alleles
PP.H0.abf PP.H1.abf PP.H2.abf PP.H3.abf PP.H4.abf 
 3.16e-57  1.46e-54  2.16e-03  9.97e-01  3.71e-04 
[1] "PP abf for shared variant: 0.0371%"
[1] "Results for 'robust' p12 prior;  p12 = 5e-06"
1812 SNPs out of 1812 had the correct alleles, discarding SNPs without the correct alleles
PP.H0.abf PP.H1.abf PP.H2.abf PP.H3.abf PP.H4.abf 
 3.16e-57  1.46e-54  2.16e-03  9.98e-01  1.86e-04 
[1] "PP abf for shared variant: 0.0186%"
[1] "2023-07-21 17:29:10 - pat_discovery_gwas - Adipose_Visceral_Omentum_eqtl - RP11-418J17.1"
[1] "Results for 'liberal' p12 prior;  p12 = 1e-05"
2233 SNPs out of 2236 had the correct alleles, discarding SNPs without the correct alleles
PP.H0.abf PP.H1.abf PP.H2.abf PP.H3.abf PP.H4.abf 
 1.16e-98  9.29e-96  1.25e-03  9.99e-01  9.71e-06 
[1] "PP abf for shared variant: 0.000971%"
[1] "Results for 'robust' p12 prior;  p12 = 5e-06"
2233 SNPs out of 2236 had the correct alleles, discarding SNPs without the correct alleles
PP.H0.abf PP.H1.abf PP.H2.abf PP.H3.abf PP.H4.abf 
 1.16e-98  9.29e-96  1.25e-03  9.99e-01  4.85e-06 
[1] "PP abf for shared variant: 0.000485%"
[1] "2023-07-21 17:29:12 - pat_discovery_gwas - Adipose_Visceral_Omentum_eqtl - EBF2"
[1] "Results for 'liberal' p12 prior;  p12 = 1e-05"
7556 SNPs out of 7559 had the correct alleles, discarding SNPs without the correct alleles
PP.H0.abf PP.H1.abf PP.H2.abf PP.H3.abf PP.H4.abf 
 1.15e-06  5.98e-01  7.22e-07  3.74e-01  2.81e-02 
[1] "PP abf for shared variant: 2.81%"
[1] "Results for 'robust' p12 prior;  p12 = 5e-06"
7556 SNPs out of 7559 had the correct alleles, discarding SNPs without the correct alleles
PP.H0.abf PP.H1.abf PP.H2.abf PP.H3.abf PP.H4.abf 
 1.17e-06  6.06e-01  7.32e-07  3.80e-01  1.42e-02 
[1] "PP abf for shared variant: 1.42%"
[1] "Load eqtl"
[1] 3
[1] "Tissue Name is:   Artery_Aorta"
[1] "Tissue Path is:   /nemo/lab/gandhis/home/users/wagena/other_projects/cardiac_adipose_coloc/raw_data/GTEx_Analysis_v8_QTLs-GTEx_Analysis_v8_eQTL_all_associations-Artery_Aorta.allpairs.txt"
[1] "Number of samples per tissue is: 387"
[1] "Total number of SNPs: 15911"
[1] "Number of multiallelic SNPs: 0"
[1] "Number of SNPs with beta == 0: 0"
[1] "Number of SNPs with multiple nucleotides (Indels): 0"
[1] "Number of SNPs with MAF = NA: 0"
[1] "Number of SNPs with MAF > 0.5: 0"
[1] "2023-07-21 17:30:46 - pat_discovery_gwas - Artery_Aorta_eqtl - TBX15"
[1] "Results for 'liberal' p12 prior;  p12 = 1e-05"
1426 SNPs out of 1426 had the correct alleles, discarding SNPs without the correct alleles
PP.H0.abf PP.H1.abf PP.H2.abf PP.H3.abf PP.H4.abf 
   0.5190    0.0389    0.1390    0.0102    0.2930 
[1] "PP abf for shared variant: 29.3%"
[1] "Results for 'robust' p12 prior;  p12 = 5e-06"
1426 SNPs out of 1426 had the correct alleles, discarding SNPs without the correct alleles
PP.H0.abf PP.H1.abf PP.H2.abf PP.H3.abf PP.H4.abf 
   0.6080    0.0456    0.1630    0.0119    0.1720 
[1] "PP abf for shared variant: 17.2%"
[1] "2023-07-21 17:30:49 - pat_discovery_gwas - Artery_Aorta_eqtl - WARS2"
[1] "Results for 'liberal' p12 prior;  p12 = 1e-05"
1859 SNPs out of 1861 had the correct alleles, discarding SNPs without the correct alleles
PP.H0.abf PP.H1.abf PP.H2.abf PP.H3.abf PP.H4.abf 
 5.94e-41  2.79e-38  2.11e-03  9.90e-01  7.69e-03 
[1] "PP abf for shared variant: 0.769%"
[1] "Results for 'robust' p12 prior;  p12 = 5e-06"
1859 SNPs out of 1861 had the correct alleles, discarding SNPs without the correct alleles
PP.H0.abf PP.H1.abf PP.H2.abf PP.H3.abf PP.H4.abf 
 5.96e-41  2.80e-38  2.11e-03  9.94e-01  3.86e-03 
[1] "PP abf for shared variant: 0.386%"
[1] "2023-07-21 17:30:51 - pat_discovery_gwas - Artery_Aorta_eqtl - RP11-418J17.1"
[1] "Results for 'liberal' p12 prior;  p12 = 1e-05"
2217 SNPs out of 2219 had the correct alleles, discarding SNPs without the correct alleles
PP.H0.abf PP.H1.abf PP.H2.abf PP.H3.abf PP.H4.abf 
 7.16e-83  5.66e-80  1.26e-03  9.99e-01  9.85e-06 
[1] "PP abf for shared variant: 0.000985%"
[1] "Results for 'robust' p12 prior;  p12 = 5e-06"
2217 SNPs out of 2219 had the correct alleles, discarding SNPs without the correct alleles
PP.H0.abf PP.H1.abf PP.H2.abf PP.H3.abf PP.H4.abf 
 7.16e-83  5.66e-80  1.26e-03  9.99e-01  4.93e-06 
[1] "PP abf for shared variant: 0.000493%"
[1] "2023-07-21 17:30:53 - pat_discovery_gwas - Artery_Aorta_eqtl - EBF2"
[1] "Results for 'liberal' p12 prior;  p12 = 1e-05"
7556 SNPs out of 7559 had the correct alleles, discarding SNPs without the correct alleles
PP.H0.abf PP.H1.abf PP.H2.abf PP.H3.abf PP.H4.abf 
 1.08e-06  5.62e-01  7.74e-07  4.01e-01  3.74e-02 
[1] "PP abf for shared variant: 3.74%"
[1] "Results for 'robust' p12 prior;  p12 = 5e-06"
7556 SNPs out of 7559 had the correct alleles, discarding SNPs without the correct alleles
PP.H0.abf PP.H1.abf PP.H2.abf PP.H3.abf PP.H4.abf 
 1.10e-06  5.72e-01  7.88e-07  4.09e-01  1.91e-02 
[1] "PP abf for shared variant: 1.91%"
[1] "Load eqtl"
[1] 4
[1] "Tissue Name is:   Artery_Coronary"
[1] "Tissue Path is:   /nemo/lab/gandhis/home/users/wagena/other_projects/cardiac_adipose_coloc/raw_data/GTEx_Analysis_v8_QTLs-GTEx_Analysis_v8_eQTL_all_associations-Artery_Coronary.allpairs.txt"
[1] "Number of samples per tissue is: 213"
[1] "Total number of SNPs: 15911"
[1] "Number of multiallelic SNPs: 0"
[1] "Number of SNPs with beta == 0: 11"
[1] "Number of SNPs with multiple nucleotides (Indels): 0"
[1] "Number of SNPs with MAF = NA: 0"
[1] "Number of SNPs with MAF > 0.5: 0"
[1] "2023-07-21 17:32:10 - pat_discovery_gwas - Artery_Coronary_eqtl - TBX15"
[1] "Results for 'liberal' p12 prior;  p12 = 1e-05"
2032 SNPs out of 2032 had the correct alleles, discarding SNPs without the correct alleles
PP.H0.abf PP.H1.abf PP.H2.abf PP.H3.abf PP.H4.abf 
   0.4350    0.1890    0.2320    0.1010    0.0432 
[1] "PP abf for shared variant: 4.32%"
[1] "Results for 'robust' p12 prior;  p12 = 5e-06"
2032 SNPs out of 2032 had the correct alleles, discarding SNPs without the correct alleles
PP.H0.abf PP.H1.abf PP.H2.abf PP.H3.abf PP.H4.abf 
   0.4450    0.1930    0.2370    0.1030    0.0221 
[1] "PP abf for shared variant: 2.21%"
[1] "2023-07-21 17:32:13 - pat_discovery_gwas - Artery_Coronary_eqtl - WARS2"
[1] "Results for 'liberal' p12 prior;  p12 = 1e-05"
2316 SNPs out of 2319 had the correct alleles, discarding SNPs without the correct alleles
PP.H0.abf PP.H1.abf PP.H2.abf PP.H3.abf PP.H4.abf 
 3.49e-25  1.92e-22  1.81e-03  9.93e-01  5.40e-03 
[1] "PP abf for shared variant: 0.54%"
[1] "Results for 'robust' p12 prior;  p12 = 5e-06"
2316 SNPs out of 2319 had the correct alleles, discarding SNPs without the correct alleles
PP.H0.abf PP.H1.abf PP.H2.abf PP.H3.abf PP.H4.abf 
 3.50e-25  1.93e-22  1.81e-03  9.95e-01  2.71e-03 
[1] "PP abf for shared variant: 0.271%"
[1] "2023-07-21 17:32:16 - pat_discovery_gwas - Artery_Coronary_eqtl - RP11-418J17.1"
[1] "Results for 'liberal' p12 prior;  p12 = 1e-05"
1155 SNPs out of 1155 had the correct alleles, discarding SNPs without the correct alleles
PP.H0.abf PP.H1.abf PP.H2.abf PP.H3.abf PP.H4.abf 
 1.08e-30  7.66e-28  1.41e-03  9.99e-01  1.10e-05 
[1] "PP abf for shared variant: 0.0011%"
[1] "Results for 'robust' p12 prior;  p12 = 5e-06"
1155 SNPs out of 1155 had the correct alleles, discarding SNPs without the correct alleles
PP.H0.abf PP.H1.abf PP.H2.abf PP.H3.abf PP.H4.abf 
 1.08e-30  7.66e-28  1.41e-03  9.99e-01  5.49e-06 
[1] "PP abf for shared variant: 0.000549%"
[1] "2023-07-21 17:32:18 - pat_discovery_gwas - Artery_Coronary_eqtl - EBF2"
[1] "Results for 'liberal' p12 prior;  p12 = 1e-05"
7556 SNPs out of 7559 had the correct alleles, discarding SNPs without the correct alleles
PP.H0.abf PP.H1.abf PP.H2.abf PP.H3.abf PP.H4.abf 
 1.06e-06  5.51e-01  7.96e-07  4.12e-01  3.70e-02 
[1] "PP abf for shared variant: 3.7%"
[1] "Results for 'robust' p12 prior;  p12 = 5e-06"
7556 SNPs out of 7559 had the correct alleles, discarding SNPs without the correct alleles
PP.H0.abf PP.H1.abf PP.H2.abf PP.H3.abf PP.H4.abf 
 1.08e-06  5.61e-01  8.11e-07  4.20e-01  1.89e-02 
[1] "PP abf for shared variant: 1.89%"
[1] "Load eqtl"
[1] 5
[1] "Tissue Name is:   Artery_Tibial"
[1] "Tissue Path is:   /nemo/lab/gandhis/home/users/wagena/other_projects/cardiac_adipose_coloc/raw_data/GTEx_Analysis_v8_QTLs-GTEx_Analysis_v8_eQTL_all_associations-Artery_Tibial.allpairs.txt"
[1] "Number of samples per tissue is: 584"
[1] "Total number of SNPs: 15911"
[1] "Number of multiallelic SNPs: 0"
[1] "Number of SNPs with beta == 0: 0"
[1] "Number of SNPs with multiple nucleotides (Indels): 0"
[1] "Number of SNPs with MAF = NA: 0"
[1] "Number of SNPs with MAF > 0.5: 0"
[1] "2023-07-21 17:33:37 - pat_discovery_gwas - Artery_Tibial_eqtl - TBX15"
[1] "Results for 'liberal' p12 prior;  p12 = 1e-05"
1176 SNPs out of 1177 had the correct alleles, discarding SNPs without the correct alleles
PP.H0.abf PP.H1.abf PP.H2.abf PP.H3.abf PP.H4.abf 
  0.75600   0.02960   0.20100   0.00784   0.00626 
[1] "PP abf for shared variant: 0.626%"
[1] "Results for 'robust' p12 prior;  p12 = 5e-06"
1176 SNPs out of 1177 had the correct alleles, discarding SNPs without the correct alleles
PP.H0.abf PP.H1.abf PP.H2.abf PP.H3.abf PP.H4.abf 
  0.75800   0.02970   0.20100   0.00787   0.00314 
[1] "PP abf for shared variant: 0.314%"
[1] "2023-07-21 17:33:39 - pat_discovery_gwas - Artery_Tibial_eqtl - RP4-712E4.1"
[1] "Results for 'liberal' p12 prior;  p12 = 1e-05"
1253 SNPs out of 1254 had the correct alleles, discarding SNPs without the correct alleles
PP.H0.abf PP.H1.abf PP.H2.abf PP.H3.abf PP.H4.abf 
 3.33e-22  1.91e-21  5.54e-03  3.09e-02  9.64e-01 
[1] "PP abf for shared variant: 96.4%"
[1] "Results for 'robust' p12 prior;  p12 = 5e-06"
1253 SNPs out of 1254 had the correct alleles, discarding SNPs without the correct alleles
PP.H0.abf PP.H1.abf PP.H2.abf PP.H3.abf PP.H4.abf 
 6.42e-22  3.69e-21  1.07e-02  5.96e-02  9.30e-01 
[1] "PP abf for shared variant: 93%"
[1] "2023-07-21 17:33:41 - pat_discovery_gwas - Artery_Tibial_eqtl - WARS2"
[1] "Results for 'liberal' p12 prior;  p12 = 1e-05"
1367 SNPs out of 1368 had the correct alleles, discarding SNPs without the correct alleles
PP.H0.abf PP.H1.abf PP.H2.abf PP.H3.abf PP.H4.abf 
 4.60e-82  2.15e-79  2.12e-03  9.92e-01  6.09e-03 
[1] "PP abf for shared variant: 0.609%"
[1] "Results for 'robust' p12 prior;  p12 = 5e-06"
1367 SNPs out of 1368 had the correct alleles, discarding SNPs without the correct alleles
PP.H0.abf PP.H1.abf PP.H2.abf PP.H3.abf PP.H4.abf 
 4.62e-82  2.16e-79  2.13e-03  9.95e-01  3.05e-03 
[1] "PP abf for shared variant: 0.305%"
[1] "2023-07-21 17:33:42 - pat_discovery_gwas - Artery_Tibial_eqtl - RP11-418J17.1"
[1] "Results for 'liberal' p12 prior;  p12 = 1e-05"
1706 SNPs out of 1707 had the correct alleles, discarding SNPs without the correct alleles
PP.H0.abf PP.H1.abf PP.H2.abf PP.H3.abf PP.H4.abf 
6.44e-178 5.08e-175  1.27e-03  9.99e-01  9.93e-06 
[1] "PP abf for shared variant: 0.000993%"
[1] "Results for 'robust' p12 prior;  p12 = 5e-06"
1706 SNPs out of 1707 had the correct alleles, discarding SNPs without the correct alleles
PP.H0.abf PP.H1.abf PP.H2.abf PP.H3.abf PP.H4.abf 
6.44e-178 5.08e-175  1.27e-03  9.99e-01  4.97e-06 
[1] "PP abf for shared variant: 0.000497%"
[1] "2023-07-21 17:33:44 - pat_discovery_gwas - Artery_Tibial_eqtl - EBF2"
[1] "Results for 'liberal' p12 prior;  p12 = 1e-05"
7556 SNPs out of 7559 had the correct alleles, discarding SNPs without the correct alleles
PP.H0.abf PP.H1.abf PP.H2.abf PP.H3.abf PP.H4.abf 
 9.10e-10  4.72e-04  1.93e-06  1.00e+00  2.58e-05 
[1] "PP abf for shared variant: 0.00258%"
[1] "Results for 'robust' p12 prior;  p12 = 5e-06"
7556 SNPs out of 7559 had the correct alleles, discarding SNPs without the correct alleles
PP.H0.abf PP.H1.abf PP.H2.abf PP.H3.abf PP.H4.abf 
 9.10e-10  4.72e-04  1.93e-06  1.00e+00  1.29e-05 
[1] "PP abf for shared variant: 0.00129%"
[1] "Load eqtl"
[1] 6
[1] "Tissue Name is:   Heart_Atrial_Appendage"
[1] "Tissue Path is:   /nemo/lab/gandhis/home/users/wagena/other_projects/cardiac_adipose_coloc/raw_data/GTEx_Analysis_v8_QTLs-GTEx_Analysis_v8_eQTL_all_associations-Heart_Atrial_Appendage.allpairs.txt"
[1] "Number of samples per tissue is: 372"
[1] "Total number of SNPs: 15911"
[1] "Number of multiallelic SNPs: 0"
[1] "Number of SNPs with beta == 0: 0"
[1] "Number of SNPs with multiple nucleotides (Indels): 0"
[1] "Number of SNPs with MAF = NA: 0"
[1] "Number of SNPs with MAF > 0.5: 0"
[1] "2023-07-21 17:35:50 - pat_discovery_gwas - Heart_Atrial_Appendage_eqtl - TBX15"
[1] "Results for 'liberal' p12 prior;  p12 = 1e-05"
1757 SNPs out of 1758 had the correct alleles, discarding SNPs without the correct alleles
PP.H0.abf PP.H1.abf PP.H2.abf PP.H3.abf PP.H4.abf 
  0.00209   0.16800   0.00557   0.44600   0.37800 
[1] "PP abf for shared variant: 37.8%"
[1] "Results for 'robust' p12 prior;  p12 = 5e-06"
1757 SNPs out of 1758 had the correct alleles, discarding SNPs without the correct alleles
PP.H0.abf PP.H1.abf PP.H2.abf PP.H3.abf PP.H4.abf 
  0.00258   0.20700   0.00686   0.55000   0.23300 
[1] "PP abf for shared variant: 23.3%"
[1] "2023-07-21 17:35:52 - pat_discovery_gwas - Heart_Atrial_Appendage_eqtl - WARS2"
[1] "Results for 'liberal' p12 prior;  p12 = 1e-05"
2008 SNPs out of 2009 had the correct alleles, discarding SNPs without the correct alleles
PP.H0.abf PP.H1.abf PP.H2.abf PP.H3.abf PP.H4.abf 
 6.71e-40  3.15e-37  2.11e-03  9.92e-01  5.96e-03 
[1] "PP abf for shared variant: 0.596%"
[1] "Results for 'robust' p12 prior;  p12 = 5e-06"
2008 SNPs out of 2009 had the correct alleles, discarding SNPs without the correct alleles
PP.H0.abf PP.H1.abf PP.H2.abf PP.H3.abf PP.H4.abf 
 6.73e-40  3.16e-37  2.12e-03  9.95e-01  2.99e-03 
[1] "PP abf for shared variant: 0.299%"
[1] "2023-07-21 17:35:54 - pat_discovery_gwas - Heart_Atrial_Appendage_eqtl - RP11-418J17.1"
[1] "Results for 'liberal' p12 prior;  p12 = 1e-05"
1738 SNPs out of 1739 had the correct alleles, discarding SNPs without the correct alleles
PP.H0.abf PP.H1.abf PP.H2.abf PP.H3.abf PP.H4.abf 
 1.21e-36  8.61e-34  1.41e-03  9.99e-01  1.10e-05 
[1] "PP abf for shared variant: 0.0011%"
[1] "Results for 'robust' p12 prior;  p12 = 5e-06"
1738 SNPs out of 1739 had the correct alleles, discarding SNPs without the correct alleles
PP.H0.abf PP.H1.abf PP.H2.abf PP.H3.abf PP.H4.abf 
 1.21e-36  8.61e-34  1.41e-03  9.99e-01  5.49e-06 
[1] "PP abf for shared variant: 0.000549%"
[1] "2023-07-21 17:35:57 - pat_discovery_gwas - Heart_Atrial_Appendage_eqtl - EBF2"
[1] "Results for 'liberal' p12 prior;  p12 = 1e-05"
7556 SNPs out of 7559 had the correct alleles, discarding SNPs without the correct alleles
PP.H0.abf PP.H1.abf PP.H2.abf PP.H3.abf PP.H4.abf 
 9.08e-07  4.71e-01  9.74e-07  5.05e-01  2.43e-02 
[1] "PP abf for shared variant: 2.43%"
[1] "Results for 'robust' p12 prior;  p12 = 5e-06"
7556 SNPs out of 7559 had the correct alleles, discarding SNPs without the correct alleles
PP.H0.abf PP.H1.abf PP.H2.abf PP.H3.abf PP.H4.abf 
 9.19e-07  4.76e-01  9.86e-07  5.11e-01  1.23e-02 
[1] "PP abf for shared variant: 1.23%"
[1] "Load eqtl"
[1] 7
[1] "Tissue Name is:   Heart_Left_Ventricle"
[1] "Tissue Path is:   /nemo/lab/gandhis/home/users/wagena/other_projects/cardiac_adipose_coloc/raw_data/GTEx_Analysis_v8_QTLs-GTEx_Analysis_v8_eQTL_all_associations-Heart_Left_Ventricle.allpairs.txt"
[1] "Number of samples per tissue is: 386"
[1] "Total number of SNPs: 15911"
[1] "Number of multiallelic SNPs: 0"
[1] "Number of SNPs with beta == 0: 0"
[1] "Number of SNPs with multiple nucleotides (Indels): 0"
[1] "Number of SNPs with MAF = NA: 0"
[1] "Number of SNPs with MAF > 0.5: 0"
[1] "2023-07-21 17:37:53 - pat_discovery_gwas - Heart_Left_Ventricle_eqtl - TBX15"
[1] "Results for 'liberal' p12 prior;  p12 = 1e-05"
1458 SNPs out of 1459 had the correct alleles, discarding SNPs without the correct alleles
PP.H0.abf PP.H1.abf PP.H2.abf PP.H3.abf PP.H4.abf 
  0.00404   0.33300   0.00157   0.12900   0.53300 
[1] "PP abf for shared variant: 53.3%"
[1] "Results for 'robust' p12 prior;  p12 = 5e-06"
1458 SNPs out of 1459 had the correct alleles, discarding SNPs without the correct alleles
PP.H0.abf PP.H1.abf PP.H2.abf PP.H3.abf PP.H4.abf 
  0.00550   0.45400   0.00214   0.17600   0.36300 
[1] "PP abf for shared variant: 36.3%"
[1] "2023-07-21 17:37:55 - pat_discovery_gwas - Heart_Left_Ventricle_eqtl - WARS2"
[1] "Results for 'liberal' p12 prior;  p12 = 1e-05"
2025 SNPs out of 2027 had the correct alleles, discarding SNPs without the correct alleles
PP.H0.abf PP.H1.abf PP.H2.abf PP.H3.abf PP.H4.abf 
 2.43e-29  1.12e-26  2.16e-03  9.96e-01  1.47e-03 
[1] "PP abf for shared variant: 0.147%"
[1] "Results for 'robust' p12 prior;  p12 = 5e-06"
2025 SNPs out of 2027 had the correct alleles, discarding SNPs without the correct alleles
PP.H0.abf PP.H1.abf PP.H2.abf PP.H3.abf PP.H4.abf 
 2.43e-29  1.12e-26  2.16e-03  9.97e-01  7.34e-04 
[1] "PP abf for shared variant: 0.0734%"
[1] "2023-07-21 17:37:57 - pat_discovery_gwas - Heart_Left_Ventricle_eqtl - RP11-418J17.1"
[1] "Results for 'liberal' p12 prior;  p12 = 1e-05"
2019 SNPs out of 2020 had the correct alleles, discarding SNPs without the correct alleles
PP.H0.abf PP.H1.abf PP.H2.abf PP.H3.abf PP.H4.abf 
 9.10e-45  6.52e-42  1.39e-03  9.99e-01  1.09e-05 
[1] "PP abf for shared variant: 0.00109%"
[1] "Results for 'robust' p12 prior;  p12 = 5e-06"
2019 SNPs out of 2020 had the correct alleles, discarding SNPs without the correct alleles
PP.H0.abf PP.H1.abf PP.H2.abf PP.H3.abf PP.H4.abf 
 9.10e-45  6.52e-42  1.39e-03  9.99e-01  5.45e-06 
[1] "PP abf for shared variant: 0.000545%"
[1] "2023-07-21 17:38:01 - pat_discovery_gwas - Heart_Left_Ventricle_eqtl - EBF2"
[1] "Results for 'liberal' p12 prior;  p12 = 1e-05"
7556 SNPs out of 7559 had the correct alleles, discarding SNPs without the correct alleles
PP.H0.abf PP.H1.abf PP.H2.abf PP.H3.abf PP.H4.abf 
 9.90e-07  5.13e-01  8.81e-07  4.57e-01  2.97e-02 
[1] "PP abf for shared variant: 2.97%"
[1] "Results for 'robust' p12 prior;  p12 = 5e-06"
7556 SNPs out of 7559 had the correct alleles, discarding SNPs without the correct alleles
PP.H0.abf PP.H1.abf PP.H2.abf PP.H3.abf PP.H4.abf 
 1.01e-06  5.21e-01  8.95e-07  4.64e-01  1.51e-02 
[1] "PP abf for shared variant: 1.51%"
[1] "Loading GWAS: 2"
Rows: 9272854 Columns: 14
── Column specification ────────────────────────────────────────────────────────
Delimiter: " "
chr (7): GWAS, CHR, Al1, Al2, rs_number, cc_or_quant, SNP
dbl (7): BP, maf, beta, se, p.value, n_total, varbeta

ℹ Use `spec()` to retrieve the full column specification for this data.
ℹ Specify the column types or set `show_col_types = FALSE` to quiet this message.
[1] "GWAS: pat_replication"
[1] "Extracting genes of interest"
[1] "/nemo/lab/gandhis/home/users/wagena/other_projects/cardiac_adipose_coloc/processed_data/coloc/pat_replication directory already exists.."
[1] "Load eqtl"
[1] 1
[1] "Tissue Name is:   Adipose_Subcutaneous"
[1] "Tissue Path is:   /nemo/lab/gandhis/home/users/wagena/other_projects/cardiac_adipose_coloc/raw_data/GTEx_Analysis_v8_QTLs-GTEx_Analysis_v8_eQTL_all_associations-Adipose_Subcutaneous.allpairs.txt"
[1] "Number of samples per tissue is: 581"
[1] "Total number of SNPs: 15911"
[1] "Number of multiallelic SNPs: 0"
[1] "Number of SNPs with beta == 0: 0"
[1] "Number of SNPs with multiple nucleotides (Indels): 0"
[1] "Number of SNPs with MAF = NA: 0"
[1] "Number of SNPs with MAF > 0.5: 0"
[1] "/nemo/lab/gandhis/home/users/wagena/other_projects/cardiac_adipose_coloc/processed_data/coloc/pat_replication/Adipose_Subcutaneous directory already exists.."
[1] "/nemo/lab/gandhis/home/users/wagena/other_projects/cardiac_adipose_coloc/processed_data/coloc/pat_replication/Adipose_Subcutaneous/liberal directory already exists.."
[1] "/nemo/lab/gandhis/home/users/wagena/other_projects/cardiac_adipose_coloc/processed_data/coloc/pat_replication/Adipose_Subcutaneous/robust directory already exists.."
[1] "2023-07-21 17:39:49 - pat_replication_gwas - Adipose_Subcutaneous_eqtl - TBX15"
[1] "Results for 'liberal' p12 prior;  p12 = 1e-05"
1297 SNPs out of 1297 had the correct alleles, discarding SNPs without the correct alleles
PP.H0.abf PP.H1.abf PP.H2.abf PP.H3.abf PP.H4.abf 
   0.5840    0.0658    0.2520    0.0283    0.0696 
[1] "PP abf for shared variant: 6.96%"
[1] "Results for 'robust' p12 prior;  p12 = 5e-06"
1297 SNPs out of 1297 had the correct alleles, discarding SNPs without the correct alleles
PP.H0.abf PP.H1.abf PP.H2.abf PP.H3.abf PP.H4.abf 
   0.6050    0.0682    0.2610    0.0293    0.0360 
[1] "PP abf for shared variant: 3.6%"
[1] "2023-07-21 17:39:52 - pat_replication_gwas - Adipose_Subcutaneous_eqtl - RP4-712E4.1"
[1] "Results for 'liberal' p12 prior;  p12 = 1e-05"
1135 SNPs out of 1136 had the correct alleles, discarding SNPs without the correct alleles
PP.H0.abf PP.H1.abf PP.H2.abf PP.H3.abf PP.H4.abf 
 1.46e-28  7.33e-30  9.24e-01  4.63e-02  3.00e-02 
[1] "PP abf for shared variant: 3%"
[1] "Results for 'robust' p12 prior;  p12 = 5e-06"
1135 SNPs out of 1136 had the correct alleles, discarding SNPs without the correct alleles
PP.H0.abf PP.H1.abf PP.H2.abf PP.H3.abf PP.H4.abf 
 1.48e-28  7.44e-30  9.38e-01  4.70e-02  1.52e-02 
[1] "PP abf for shared variant: 1.52%"
[1] "2023-07-21 17:39:54 - pat_replication_gwas - Adipose_Subcutaneous_eqtl - RP11-418J17.1"
[1] "Results for 'liberal' p12 prior;  p12 = 1e-05"
1227 SNPs out of 1228 had the correct alleles, discarding SNPs without the correct alleles
PP.H0.abf PP.H1.abf PP.H2.abf PP.H3.abf PP.H4.abf 
1.01e-139 8.79e-141  9.09e-01  7.93e-02  1.13e-02 
[1] "PP abf for shared variant: 1.13%"
[1] "Results for 'robust' p12 prior;  p12 = 5e-06"
1227 SNPs out of 1228 had the correct alleles, discarding SNPs without the correct alleles
PP.H0.abf PP.H1.abf PP.H2.abf PP.H3.abf PP.H4.abf 
1.01e-139 8.84e-141  9.15e-01  7.98e-02  5.70e-03 
[1] "PP abf for shared variant: 0.57%"
[1] "2023-07-21 17:39:57 - pat_replication_gwas - Adipose_Subcutaneous_eqtl - WARS2"
[1] "Results for 'liberal' p12 prior;  p12 = 1e-05"
1844 SNPs out of 1845 had the correct alleles, discarding SNPs without the correct alleles
PP.H0.abf PP.H1.abf PP.H2.abf PP.H3.abf PP.H4.abf 
7.76e-132 3.08e-132  6.39e-01  2.53e-01  1.07e-01 
[1] "PP abf for shared variant: 10.7%"
[1] "Results for 'robust' p12 prior;  p12 = 5e-06"
1844 SNPs out of 1845 had the correct alleles, discarding SNPs without the correct alleles
PP.H0.abf PP.H1.abf PP.H2.abf PP.H3.abf PP.H4.abf 
8.20e-132 3.25e-132  6.75e-01  2.68e-01  5.68e-02 
[1] "PP abf for shared variant: 5.68%"
[1] "2023-07-21 17:39:59 - pat_replication_gwas - Adipose_Subcutaneous_eqtl - EBF2"
[1] "Results for 'liberal' p12 prior;  p12 = 1e-05"
7555 SNPs out of 7558 had the correct alleles, discarding SNPs without the correct alleles
PP.H0.abf PP.H1.abf PP.H2.abf PP.H3.abf PP.H4.abf 
 2.55e-05  4.84e-01  2.63e-05  4.99e-01  1.78e-02 
[1] "PP abf for shared variant: 1.78%"
[1] "Results for 'robust' p12 prior;  p12 = 5e-06"
7555 SNPs out of 7558 had the correct alleles, discarding SNPs without the correct alleles
PP.H0.abf PP.H1.abf PP.H2.abf PP.H3.abf PP.H4.abf 
 2.57e-05  4.88e-01  2.65e-05  5.03e-01  8.98e-03 
[1] "PP abf for shared variant: 0.898%"
[1] "Load eqtl"
[1] 2
[1] "Tissue Name is:   Adipose_Visceral_Omentum"
[1] "Tissue Path is:   /nemo/lab/gandhis/home/users/wagena/other_projects/cardiac_adipose_coloc/raw_data/GTEx_Analysis_v8_QTLs-GTEx_Analysis_v8_eQTL_all_associations-Adipose_Visceral_Omentum.allpairs.txt"
[1] "Number of samples per tissue is: 469"
[1] "Total number of SNPs: 15911"
[1] "Number of multiallelic SNPs: 0"
[1] "Number of SNPs with beta == 0: 0"
[1] "Number of SNPs with multiple nucleotides (Indels): 0"
[1] "Number of SNPs with MAF = NA: 0"
[1] "Number of SNPs with MAF > 0.5: 0"
[1] "/nemo/lab/gandhis/home/users/wagena/other_projects/cardiac_adipose_coloc/processed_data/coloc/pat_replication/Adipose_Visceral_Omentum directory already exists.."
[1] "/nemo/lab/gandhis/home/users/wagena/other_projects/cardiac_adipose_coloc/processed_data/coloc/pat_replication/Adipose_Visceral_Omentum/liberal directory already exists.."
[1] "/nemo/lab/gandhis/home/users/wagena/other_projects/cardiac_adipose_coloc/processed_data/coloc/pat_replication/Adipose_Visceral_Omentum/robust directory already exists.."
[1] "2023-07-21 17:41:58 - pat_replication_gwas - Adipose_Visceral_Omentum_eqtl - TBX15"
[1] "Results for 'liberal' p12 prior;  p12 = 1e-05"
1458 SNPs out of 1458 had the correct alleles, discarding SNPs without the correct alleles
PP.H0.abf PP.H1.abf PP.H2.abf PP.H3.abf PP.H4.abf 
   0.6430    0.0489    0.2730    0.0208    0.0146 
[1] "PP abf for shared variant: 1.46%"
[1] "Results for 'robust' p12 prior;  p12 = 5e-06"
1458 SNPs out of 1458 had the correct alleles, discarding SNPs without the correct alleles
PP.H0.abf PP.H1.abf PP.H2.abf PP.H3.abf PP.H4.abf 
  0.64700   0.04930   0.27500   0.02090   0.00737 
[1] "PP abf for shared variant: 0.737%"
[1] "2023-07-21 17:42:00 - pat_replication_gwas - Adipose_Visceral_Omentum_eqtl - WARS2"
[1] "Results for 'liberal' p12 prior;  p12 = 1e-05"
1813 SNPs out of 1813 had the correct alleles, discarding SNPs without the correct alleles
PP.H0.abf PP.H1.abf PP.H2.abf PP.H3.abf PP.H4.abf 
 1.18e-54  2.56e-55  8.09e-01  1.75e-01  1.63e-02 
[1] "PP abf for shared variant: 1.63%"
[1] "Results for 'robust' p12 prior;  p12 = 5e-06"
1813 SNPs out of 1813 had the correct alleles, discarding SNPs without the correct alleles
PP.H0.abf PP.H1.abf PP.H2.abf PP.H3.abf PP.H4.abf 
 1.19e-54  2.58e-55  8.15e-01  1.76e-01  8.20e-03 
[1] "PP abf for shared variant: 0.82%"
[1] "2023-07-21 17:42:02 - pat_replication_gwas - Adipose_Visceral_Omentum_eqtl - RP11-418J17.1"
[1] "Results for 'liberal' p12 prior;  p12 = 1e-05"
2233 SNPs out of 2235 had the correct alleles, discarding SNPs without the correct alleles
PP.H0.abf PP.H1.abf PP.H2.abf PP.H3.abf PP.H4.abf 
 6.80e-96  2.41e-96  7.32e-01  2.59e-01  9.49e-03 
[1] "PP abf for shared variant: 0.949%"
[1] "Results for 'robust' p12 prior;  p12 = 5e-06"
2233 SNPs out of 2235 had the correct alleles, discarding SNPs without the correct alleles
PP.H0.abf PP.H1.abf PP.H2.abf PP.H3.abf PP.H4.abf 
 6.83e-96  2.42e-96  7.35e-01  2.60e-01  4.77e-03 
[1] "PP abf for shared variant: 0.477%"
[1] "2023-07-21 17:42:04 - pat_replication_gwas - Adipose_Visceral_Omentum_eqtl - EBF2"
[1] "Results for 'liberal' p12 prior;  p12 = 1e-05"
7555 SNPs out of 7558 had the correct alleles, discarding SNPs without the correct alleles
PP.H0.abf PP.H1.abf PP.H2.abf PP.H3.abf PP.H4.abf 
 3.15e-05  5.98e-01  1.97e-05  3.74e-01  2.81e-02 
[1] "PP abf for shared variant: 2.81%"
[1] "Results for 'robust' p12 prior;  p12 = 5e-06"
7555 SNPs out of 7558 had the correct alleles, discarding SNPs without the correct alleles
PP.H0.abf PP.H1.abf PP.H2.abf PP.H3.abf PP.H4.abf 
 0.000032  0.606000  0.000020  0.380000  0.014200 
[1] "PP abf for shared variant: 1.42%"
[1] "Load eqtl"
[1] 3
[1] "Tissue Name is:   Artery_Aorta"
[1] "Tissue Path is:   /nemo/lab/gandhis/home/users/wagena/other_projects/cardiac_adipose_coloc/raw_data/GTEx_Analysis_v8_QTLs-GTEx_Analysis_v8_eQTL_all_associations-Artery_Aorta.allpairs.txt"
[1] "Number of samples per tissue is: 387"
[1] "Total number of SNPs: 15911"
[1] "Number of multiallelic SNPs: 0"
[1] "Number of SNPs with beta == 0: 0"
[1] "Number of SNPs with multiple nucleotides (Indels): 0"
[1] "Number of SNPs with MAF = NA: 0"
[1] "Number of SNPs with MAF > 0.5: 0"
[1] "2023-07-21 17:43:40 - pat_replication_gwas - Artery_Aorta_eqtl - TBX15"
[1] "Results for 'liberal' p12 prior;  p12 = 1e-05"
1426 SNPs out of 1426 had the correct alleles, discarding SNPs without the correct alleles
PP.H0.abf PP.H1.abf PP.H2.abf PP.H3.abf PP.H4.abf 
   0.7250    0.0502    0.1950    0.0135    0.0161 
[1] "PP abf for shared variant: 1.61%"
[1] "Results for 'robust' p12 prior;  p12 = 5e-06"
1426 SNPs out of 1426 had the correct alleles, discarding SNPs without the correct alleles
PP.H0.abf PP.H1.abf PP.H2.abf PP.H3.abf PP.H4.abf 
  0.73100   0.05060   0.19600   0.01360   0.00811 
[1] "PP abf for shared variant: 0.811%"
[1] "2023-07-21 17:43:46 - pat_replication_gwas - Artery_Aorta_eqtl - WARS2"
[1] "Results for 'liberal' p12 prior;  p12 = 1e-05"
1859 SNPs out of 1860 had the correct alleles, discarding SNPs without the correct alleles
PP.H0.abf PP.H1.abf PP.H2.abf PP.H3.abf PP.H4.abf 
 1.83e-38  5.90e-39  6.50e-01  2.09e-01  1.41e-01 
[1] "PP abf for shared variant: 14.1%"
[1] "Results for 'robust' p12 prior;  p12 = 5e-06"
1859 SNPs out of 1860 had the correct alleles, discarding SNPs without the correct alleles
PP.H0.abf PP.H1.abf PP.H2.abf PP.H3.abf PP.H4.abf 
 1.97e-38  6.35e-39  6.99e-01  2.25e-01  7.57e-02 
[1] "PP abf for shared variant: 7.57%"
[1] "2023-07-21 17:43:48 - pat_replication_gwas - Artery_Aorta_eqtl - RP11-418J17.1"
[1] "Results for 'liberal' p12 prior;  p12 = 1e-05"
2218 SNPs out of 2220 had the correct alleles, discarding SNPs without the correct alleles
PP.H0.abf PP.H1.abf PP.H2.abf PP.H3.abf PP.H4.abf 
 4.46e-80  1.14e-80  7.89e-01  2.01e-01  9.78e-03 
[1] "PP abf for shared variant: 0.978%"
[1] "Results for 'robust' p12 prior;  p12 = 5e-06"
2218 SNPs out of 2220 had the correct alleles, discarding SNPs without the correct alleles
PP.H0.abf PP.H1.abf PP.H2.abf PP.H3.abf PP.H4.abf 
 4.48e-80  1.14e-80  7.93e-01  2.02e-01  4.91e-03 
[1] "PP abf for shared variant: 0.491%"
[1] "2023-07-21 17:43:50 - pat_replication_gwas - Artery_Aorta_eqtl - EBF2"
[1] "Results for 'liberal' p12 prior;  p12 = 1e-05"
7555 SNPs out of 7558 had the correct alleles, discarding SNPs without the correct alleles
PP.H0.abf PP.H1.abf PP.H2.abf PP.H3.abf PP.H4.abf 
 2.96e-05  5.62e-01  2.11e-05  4.01e-01  3.74e-02 
[1] "PP abf for shared variant: 3.74%"
[1] "Results for 'robust' p12 prior;  p12 = 5e-06"
7555 SNPs out of 7558 had the correct alleles, discarding SNPs without the correct alleles
PP.H0.abf PP.H1.abf PP.H2.abf PP.H3.abf PP.H4.abf 
 3.02e-05  5.72e-01  2.15e-05  4.09e-01  1.91e-02 
[1] "PP abf for shared variant: 1.91%"
[1] "Load eqtl"
[1] 4
[1] "Tissue Name is:   Artery_Coronary"
[1] "Tissue Path is:   /nemo/lab/gandhis/home/users/wagena/other_projects/cardiac_adipose_coloc/raw_data/GTEx_Analysis_v8_QTLs-GTEx_Analysis_v8_eQTL_all_associations-Artery_Coronary.allpairs.txt"
[1] "Number of samples per tissue is: 213"
[1] "Total number of SNPs: 15911"
[1] "Number of multiallelic SNPs: 0"
[1] "Number of SNPs with beta == 0: 11"
[1] "Number of SNPs with multiple nucleotides (Indels): 0"
[1] "Number of SNPs with MAF = NA: 0"
[1] "Number of SNPs with MAF > 0.5: 0"
[1] "2023-07-21 17:45:07 - pat_replication_gwas - Artery_Coronary_eqtl - TBX15"
[1] "Results for 'liberal' p12 prior;  p12 = 1e-05"
2032 SNPs out of 2032 had the correct alleles, discarding SNPs without the correct alleles
PP.H0.abf PP.H1.abf PP.H2.abf PP.H3.abf PP.H4.abf 
   0.5650    0.0791    0.3010    0.0421    0.0129 
[1] "PP abf for shared variant: 1.29%"
[1] "Results for 'robust' p12 prior;  p12 = 5e-06"
2032 SNPs out of 2032 had the correct alleles, discarding SNPs without the correct alleles
PP.H0.abf PP.H1.abf PP.H2.abf PP.H3.abf PP.H4.abf 
  0.56900   0.07960   0.30300   0.04240   0.00647 
[1] "PP abf for shared variant: 0.647%"
[1] "2023-07-21 17:45:10 - pat_replication_gwas - Artery_Coronary_eqtl - WARS2"
[1] "Results for 'liberal' p12 prior;  p12 = 1e-05"
2317 SNPs out of 2319 had the correct alleles, discarding SNPs without the correct alleles
PP.H0.abf PP.H1.abf PP.H2.abf PP.H3.abf PP.H4.abf 
 1.21e-22  5.05e-23  6.28e-01  2.61e-01  1.11e-01 
[1] "PP abf for shared variant: 11.1%"
[1] "Results for 'robust' p12 prior;  p12 = 5e-06"
2317 SNPs out of 2319 had the correct alleles, discarding SNPs without the correct alleles
PP.H0.abf PP.H1.abf PP.H2.abf PP.H3.abf PP.H4.abf 
 1.29e-22  5.35e-23  6.65e-01  2.76e-01  5.89e-02 
[1] "PP abf for shared variant: 5.89%"
[1] "2023-07-21 17:45:12 - pat_replication_gwas - Artery_Coronary_eqtl - RP11-418J17.1"
[1] "Results for 'liberal' p12 prior;  p12 = 1e-05"
1155 SNPs out of 1155 had the correct alleles, discarding SNPs without the correct alleles
PP.H0.abf PP.H1.abf PP.H2.abf PP.H3.abf PP.H4.abf 
 6.96e-28  6.30e-29  9.07e-01  8.21e-02  1.13e-02 
[1] "PP abf for shared variant: 1.13%"
[1] "Results for 'robust' p12 prior;  p12 = 5e-06"
1155 SNPs out of 1155 had the correct alleles, discarding SNPs without the correct alleles
PP.H0.abf PP.H1.abf PP.H2.abf PP.H3.abf PP.H4.abf 
 6.99e-28  6.34e-29  9.12e-01  8.26e-02  5.67e-03 
[1] "PP abf for shared variant: 0.567%"
[1] "2023-07-21 17:45:14 - pat_replication_gwas - Artery_Coronary_eqtl - EBF2"
[1] "Results for 'liberal' p12 prior;  p12 = 1e-05"
7555 SNPs out of 7558 had the correct alleles, discarding SNPs without the correct alleles
PP.H0.abf PP.H1.abf PP.H2.abf PP.H3.abf PP.H4.abf 
 2.90e-05  5.51e-01  2.17e-05  4.12e-01  3.70e-02 
[1] "PP abf for shared variant: 3.7%"
[1] "Results for 'robust' p12 prior;  p12 = 5e-06"
7555 SNPs out of 7558 had the correct alleles, discarding SNPs without the correct alleles
PP.H0.abf PP.H1.abf PP.H2.abf PP.H3.abf PP.H4.abf 
 2.96e-05  5.61e-01  2.21e-05  4.20e-01  1.89e-02 
[1] "PP abf for shared variant: 1.89%"
[1] "Load eqtl"
[1] 5
[1] "Tissue Name is:   Artery_Tibial"
[1] "Tissue Path is:   /nemo/lab/gandhis/home/users/wagena/other_projects/cardiac_adipose_coloc/raw_data/GTEx_Analysis_v8_QTLs-GTEx_Analysis_v8_eQTL_all_associations-Artery_Tibial.allpairs.txt"
[1] "Number of samples per tissue is: 584"
[1] "Total number of SNPs: 15911"
[1] "Number of multiallelic SNPs: 0"
[1] "Number of SNPs with beta == 0: 0"
[1] "Number of SNPs with multiple nucleotides (Indels): 0"
[1] "Number of SNPs with MAF = NA: 0"
[1] "Number of SNPs with MAF > 0.5: 0"
[1] "2023-07-21 17:46:21 - pat_replication_gwas - Artery_Tibial_eqtl - TBX15"
[1] "Results for 'liberal' p12 prior;  p12 = 1e-05"
1176 SNPs out of 1177 had the correct alleles, discarding SNPs without the correct alleles
PP.H0.abf PP.H1.abf PP.H2.abf PP.H3.abf PP.H4.abf 
   0.7440    0.0400    0.1980    0.0106    0.0073 
[1] "PP abf for shared variant: 0.73%"
[1] "Results for 'robust' p12 prior;  p12 = 5e-06"
1176 SNPs out of 1177 had the correct alleles, discarding SNPs without the correct alleles
PP.H0.abf PP.H1.abf PP.H2.abf PP.H3.abf PP.H4.abf 
  0.74700   0.04010   0.19800   0.01070   0.00366 
[1] "PP abf for shared variant: 0.366%"
[1] "2023-07-21 17:46:23 - pat_replication_gwas - Artery_Tibial_eqtl - RP4-712E4.1"
[1] "Results for 'liberal' p12 prior;  p12 = 1e-05"
1255 SNPs out of 1255 had the correct alleles, discarding SNPs without the correct alleles
PP.H0.abf PP.H1.abf PP.H2.abf PP.H3.abf PP.H4.abf 
 5.49e-20  3.37e-21  9.13e-01  5.61e-02  3.06e-02 
[1] "PP abf for shared variant: 3.06%"
[1] "Results for 'robust' p12 prior;  p12 = 5e-06"
1255 SNPs out of 1255 had the correct alleles, discarding SNPs without the correct alleles
PP.H0.abf PP.H1.abf PP.H2.abf PP.H3.abf PP.H4.abf 
 5.57e-20  3.43e-21  9.27e-01  5.70e-02  1.55e-02 
[1] "PP abf for shared variant: 1.55%"
[1] "2023-07-21 17:46:25 - pat_replication_gwas - Artery_Tibial_eqtl - WARS2"
[1] "Results for 'liberal' p12 prior;  p12 = 1e-05"
1367 SNPs out of 1368 had the correct alleles, discarding SNPs without the correct alleles
PP.H0.abf PP.H1.abf PP.H2.abf PP.H3.abf PP.H4.abf 
 1.39e-79  5.41e-80  6.42e-01  2.49e-01  1.09e-01 
[1] "PP abf for shared variant: 10.9%"
[1] "Results for 'robust' p12 prior;  p12 = 5e-06"
1367 SNPs out of 1368 had the correct alleles, discarding SNPs without the correct alleles
PP.H0.abf PP.H1.abf PP.H2.abf PP.H3.abf PP.H4.abf 
 1.47e-79  5.72e-80  6.79e-01  2.64e-01  5.76e-02 
[1] "PP abf for shared variant: 5.76%"
[1] "2023-07-21 17:46:27 - pat_replication_gwas - Artery_Tibial_eqtl - RP11-418J17.1"
[1] "Results for 'liberal' p12 prior;  p12 = 1e-05"
1705 SNPs out of 1706 had the correct alleles, discarding SNPs without the correct alleles
PP.H0.abf PP.H1.abf PP.H2.abf PP.H3.abf PP.H4.abf 
4.41e-175 6.26e-176  8.66e-01  1.23e-01  1.07e-02 
[1] "PP abf for shared variant: 1.07%"
[1] "Results for 'robust' p12 prior;  p12 = 5e-06"
1705 SNPs out of 1706 had the correct alleles, discarding SNPs without the correct alleles
PP.H0.abf PP.H1.abf PP.H2.abf PP.H3.abf PP.H4.abf 
4.43e-175 6.30e-176  8.71e-01  1.24e-01  5.39e-03 
[1] "PP abf for shared variant: 0.539%"
[1] "2023-07-21 17:46:29 - pat_replication_gwas - Artery_Tibial_eqtl - EBF2"
[1] "Results for 'liberal' p12 prior;  p12 = 1e-05"
7555 SNPs out of 7558 had the correct alleles, discarding SNPs without the correct alleles
PP.H0.abf PP.H1.abf PP.H2.abf PP.H3.abf PP.H4.abf 
 2.49e-08  4.72e-04  5.27e-05  9.99e-01  4.64e-05 
[1] "PP abf for shared variant: 0.00464%"
[1] "Results for 'robust' p12 prior;  p12 = 5e-06"
7555 SNPs out of 7558 had the correct alleles, discarding SNPs without the correct alleles
PP.H0.abf PP.H1.abf PP.H2.abf PP.H3.abf PP.H4.abf 
 2.49e-08  4.72e-04  5.27e-05  9.99e-01  2.32e-05 
[1] "PP abf for shared variant: 0.00232%"
[1] "Load eqtl"
[1] 6
[1] "Tissue Name is:   Heart_Atrial_Appendage"
[1] "Tissue Path is:   /nemo/lab/gandhis/home/users/wagena/other_projects/cardiac_adipose_coloc/raw_data/GTEx_Analysis_v8_QTLs-GTEx_Analysis_v8_eQTL_all_associations-Heart_Atrial_Appendage.allpairs.txt"
[1] "Number of samples per tissue is: 372"
[1] "Total number of SNPs: 15911"
[1] "Number of multiallelic SNPs: 0"
[1] "Number of SNPs with beta == 0: 0"
[1] "Number of SNPs with multiple nucleotides (Indels): 0"
[1] "Number of SNPs with MAF = NA: 0"
[1] "Number of SNPs with MAF > 0.5: 0"
[1] "2023-07-21 17:48:12 - pat_replication_gwas - Heart_Atrial_Appendage_eqtl - TBX15"
[1] "Results for 'liberal' p12 prior;  p12 = 1e-05"
1757 SNPs out of 1758 had the correct alleles, discarding SNPs without the correct alleles
PP.H0.abf PP.H1.abf PP.H2.abf PP.H3.abf PP.H4.abf 
   0.2070    0.0451    0.5490    0.1200    0.0790 
[1] "PP abf for shared variant: 7.9%"
[1] "Results for 'robust' p12 prior;  p12 = 5e-06"
1757 SNPs out of 1758 had the correct alleles, discarding SNPs without the correct alleles
PP.H0.abf PP.H1.abf PP.H2.abf PP.H3.abf PP.H4.abf 
   0.2150    0.0470    0.5720    0.1250    0.0411 
[1] "PP abf for shared variant: 4.11%"
[1] "2023-07-21 17:48:14 - pat_replication_gwas - Heart_Atrial_Appendage_eqtl - WARS2"
[1] "Results for 'liberal' p12 prior;  p12 = 1e-05"
2008 SNPs out of 2009 had the correct alleles, discarding SNPs without the correct alleles
PP.H0.abf PP.H1.abf PP.H2.abf PP.H3.abf PP.H4.abf 
 2.18e-37  6.25e-38  6.88e-01  1.97e-01  1.16e-01 
[1] "PP abf for shared variant: 11.6%"
[1] "Results for 'robust' p12 prior;  p12 = 5e-06"
2008 SNPs out of 2009 had the correct alleles, discarding SNPs without the correct alleles
PP.H0.abf PP.H1.abf PP.H2.abf PP.H3.abf PP.H4.abf 
 2.32e-37  6.63e-38  7.30e-01  2.09e-01  6.14e-02 
[1] "PP abf for shared variant: 6.14%"
[1] "2023-07-21 17:48:16 - pat_replication_gwas - Heart_Atrial_Appendage_eqtl - RP11-418J17.1"
[1] "Results for 'liberal' p12 prior;  p12 = 1e-05"
1739 SNPs out of 1739 had the correct alleles, discarding SNPs without the correct alleles
PP.H0.abf PP.H1.abf PP.H2.abf PP.H3.abf PP.H4.abf 
 7.47e-34  1.06e-34  8.66e-01  1.23e-01  1.08e-02 
[1] "PP abf for shared variant: 1.08%"
[1] "Results for 'robust' p12 prior;  p12 = 5e-06"
1739 SNPs out of 1739 had the correct alleles, discarding SNPs without the correct alleles
PP.H0.abf PP.H1.abf PP.H2.abf PP.H3.abf PP.H4.abf 
 7.51e-34  1.07e-34  8.71e-01  1.24e-01  5.45e-03 
[1] "PP abf for shared variant: 0.545%"
[1] "2023-07-21 17:48:18 - pat_replication_gwas - Heart_Atrial_Appendage_eqtl - EBF2"
[1] "Results for 'liberal' p12 prior;  p12 = 1e-05"
7555 SNPs out of 7558 had the correct alleles, discarding SNPs without the correct alleles
PP.H0.abf PP.H1.abf PP.H2.abf PP.H3.abf PP.H4.abf 
 2.48e-05  4.71e-01  2.66e-05  5.05e-01  2.43e-02 
[1] "PP abf for shared variant: 2.43%"
[1] "Results for 'robust' p12 prior;  p12 = 5e-06"
7555 SNPs out of 7558 had the correct alleles, discarding SNPs without the correct alleles
PP.H0.abf PP.H1.abf PP.H2.abf PP.H3.abf PP.H4.abf 
 2.51e-05  4.76e-01  2.70e-05  5.11e-01  1.23e-02 
[1] "PP abf for shared variant: 1.23%"
[1] "Load eqtl"
[1] 7
[1] "Tissue Name is:   Heart_Left_Ventricle"
[1] "Tissue Path is:   /nemo/lab/gandhis/home/users/wagena/other_projects/cardiac_adipose_coloc/raw_data/GTEx_Analysis_v8_QTLs-GTEx_Analysis_v8_eQTL_all_associations-Heart_Left_Ventricle.allpairs.txt"
[1] "Number of samples per tissue is: 386"
[1] "Total number of SNPs: 15911"
[1] "Number of multiallelic SNPs: 0"
[1] "Number of SNPs with beta == 0: 0"
[1] "Number of SNPs with multiple nucleotides (Indels): 0"
[1] "Number of SNPs with MAF = NA: 0"
[1] "Number of SNPs with MAF > 0.5: 0"
[1] "2023-07-21 17:50:03 - pat_replication_gwas - Heart_Left_Ventricle_eqtl - TBX15"
[1] "Results for 'liberal' p12 prior;  p12 = 1e-05"
1458 SNPs out of 1459 had the correct alleles, discarding SNPs without the correct alleles
PP.H0.abf PP.H1.abf PP.H2.abf PP.H3.abf PP.H4.abf 
   0.4920    0.1370    0.1910    0.0531    0.1270 
[1] "PP abf for shared variant: 12.7%"
[1] "Results for 'robust' p12 prior;  p12 = 5e-06"
1458 SNPs out of 1459 had the correct alleles, discarding SNPs without the correct alleles
PP.H0.abf PP.H1.abf PP.H2.abf PP.H3.abf PP.H4.abf 
   0.5250    0.1460    0.2040    0.0566    0.0676 
[1] "PP abf for shared variant: 6.76%"
[1] "2023-07-21 17:50:05 - pat_replication_gwas - Heart_Left_Ventricle_eqtl - WARS2"
[1] "Results for 'liberal' p12 prior;  p12 = 1e-05"
2027 SNPs out of 2028 had the correct alleles, discarding SNPs without the correct alleles
PP.H0.abf PP.H1.abf PP.H2.abf PP.H3.abf PP.H4.abf 
 8.71e-27  2.10e-27  7.75e-01  1.87e-01  3.78e-02 
[1] "PP abf for shared variant: 3.78%"
[1] "Results for 'robust' p12 prior;  p12 = 5e-06"
2027 SNPs out of 2028 had the correct alleles, discarding SNPs without the correct alleles
PP.H0.abf PP.H1.abf PP.H2.abf PP.H3.abf PP.H4.abf 
 8.88e-27  2.14e-27  7.90e-01  1.90e-01  1.92e-02 
[1] "PP abf for shared variant: 1.92%"
[1] "2023-07-21 17:50:07 - pat_replication_gwas - Heart_Left_Ventricle_eqtl - RP11-418J17.1"
[1] "Results for 'liberal' p12 prior;  p12 = 1e-05"
2018 SNPs out of 2019 had the correct alleles, discarding SNPs without the correct alleles
PP.H0.abf PP.H1.abf PP.H2.abf PP.H3.abf PP.H4.abf 
 5.73e-42  7.31e-43  8.77e-01  1.12e-01  1.10e-02 
[1] "PP abf for shared variant: 1.1%"
[1] "Results for 'robust' p12 prior;  p12 = 5e-06"
2018 SNPs out of 2019 had the correct alleles, discarding SNPs without the correct alleles
PP.H0.abf PP.H1.abf PP.H2.abf PP.H3.abf PP.H4.abf 
 5.76e-42  7.35e-43  8.82e-01  1.13e-01  5.51e-03 
[1] "PP abf for shared variant: 0.551%"
[1] "2023-07-21 17:50:09 - pat_replication_gwas - Heart_Left_Ventricle_eqtl - EBF2"
[1] "Results for 'liberal' p12 prior;  p12 = 1e-05"
7555 SNPs out of 7558 had the correct alleles, discarding SNPs without the correct alleles
PP.H0.abf PP.H1.abf PP.H2.abf PP.H3.abf PP.H4.abf 
 2.71e-05  5.14e-01  2.41e-05  4.57e-01  2.97e-02 
[1] "PP abf for shared variant: 2.97%"
[1] "Results for 'robust' p12 prior;  p12 = 5e-06"
7555 SNPs out of 7558 had the correct alleles, discarding SNPs without the correct alleles
PP.H0.abf PP.H1.abf PP.H2.abf PP.H3.abf PP.H4.abf 
 2.75e-05  5.21e-01  2.44e-05  4.64e-01  1.51e-02 
[1] "PP abf for shared variant: 1.51%"
There were 50 or more warnings (use warnings() to see the first 50)
[1] "Done"
